2026-07-21T15:23:17.112+05:30  INFO 26904 --- [main] com.placement.portal.PortalApplication   : Starting PortalApplication using Java 24.0.2 with PID 26904 (C:\Users\lenovo\Desktop\Campus Placement Management System\target\classes started by lenovo in C:\Users\lenovo\Desktop\Campus Placement Management System)
2026-07-21T15:23:17.121+05:30  INFO 26904 --- [main] com.placement.portal.PortalApplication   : No active profile set, falling back to 1 default profile: "default"
2026-07-21T15:23:18.232+05:30  INFO 26904 --- [main] .s.d.r.c.RepositoryConfigurationDelegate : Bootstrapping Spring Data JPA repositories in DEFAULT mode.
2026-07-21T15:23:18.381+05:30  INFO 26904 --- [main] .s.d.r.c.RepositoryConfigurationDelegate : Finished Spring Data repository scanning in 134 ms. Found 11 JPA repository interfaces.
2026-07-21T15:23:19.105+05:30  INFO 26904 --- [main] o.s.b.w.embedded.tomcat.TomcatWebServer  : Tomcat initialized with port 8082 (http)
2026-07-21T15:23:19.122+05:30  INFO 26904 --- [main] o.apache.catalina.core.StandardService   : Starting service [Tomcat]
2026-07-21T15:23:19.123+05:30  INFO 26904 --- [main] o.apache.catalina.core.StandardEngine    : Starting Servlet engine: [Apache Tomcat/10.1.42]
2026-07-21T15:23:19.202+05:30  INFO 26904 --- [main] o.a.c.c.C.[Tomcat].[localhost].[/]       : Initializing Spring embedded WebApplicationContext
2026-07-21T15:23:19.203+05:30  INFO 26904 --- [main] w.s.c.ServletWebServerApplicationContext : Root WebApplicationContext: initialization completed in 2020 ms
2026-07-21T15:23:19.341+05:30  INFO 26904 --- [main] o.hibernate.jpa.internal.util.LogHelper  : HHH000204: Processing PersistenceUnitInfo [name: default]
2026-07-21T15:23:19.451+05:30  INFO 26904 --- [main] org.hibernate.Version                    : HHH000412: Hibernate ORM core version 6.6.18.Final
2026-07-21T15:23:19.521+05:30  INFO 26904 --- [main] o.h.c.internal.RegionFactoryInitiator    : HHH000026: Second-level cache disabled
2026-07-21T15:23:19.907+05:30  INFO 26904 --- [main] o.s.o.j.p.SpringPersistenceUnitInfo      : No LoadTimeWeaver setup: ignoring JPA class transformer
2026-07-21T15:23:19.952+05:30  INFO 26904 --- [main] com.zaxxer.hikari.HikariDataSource       : HikariPool-1 - Starting...
2026-07-21T15:23:20.440+05:30  INFO 26904 --- [main] com.zaxxer.hikari.pool.HikariPool        : HikariPool-1 - Added connection com.mysql.cj.jdbc.ConnectionImpl@31f5b923
2026-07-21T15:23:20.441+05:30  INFO 26904 --- [main] com.zaxxer.hikari.HikariDataSource       : HikariPool-1 - Start completed.
2026-07-21T15:23:20.500+05:30  WARN 26904 --- [main] org.hibernate.orm.deprecation            : HHH90000025: MySQLDialect does not need to be specified explicitly using 'hibernate.dialect' (remove the property setting and it will be selected by default)
2026-07-21T15:23:20.530+05:30  INFO 26904 --- [main] org.hibernate.orm.connections.pooling    : HHH10001005: Database info:
	Database JDBC URL [Connecting through datasource 'HikariDataSource (HikariPool-1)']
	Database driver: undefined/unknown
	Database version: 8.0.44
	Autocommit mode: undefined/unknown
	Isolation level: undefined/unknown
	Minimum pool size: undefined/unknown
	Maximum pool size: undefined/unknown
2026-07-21T15:23:21.701+05:30  INFO 26904 --- [main] o.h.e.t.j.p.i.JtaPlatformInitiator       : HHH000489: No JTA platform available (set 'hibernate.transaction.jta.platform' to enable JTA platform integration)
2026-07-21T15:23:21.827+05:30  INFO 26904 --- [main] j.LocalContainerEntityManagerFactoryBean : Initialized JPA EntityManagerFactory for persistence unit 'default'
2026-07-21T15:23:22.140+05:30  INFO 26904 --- [main] o.s.d.j.r.query.QueryEnhancerFactory     : Hibernate is in classpath; If applicable, HQL parser will be used.
2026-07-21T15:23:22.954+05:30  WARN 26904 --- [main] JpaBaseConfiguration$JpaWebConfiguration : spring.jpa.open-in-view is enabled by default. Therefore, database queries may be performed during view rendering. Explicitly configure spring.jpa.open-in-view to disable this warning
2026-07-21T15:23:22.984+05:30  INFO 26904 --- [main] eAuthenticationProviderManagerConfigurer : Global AuthenticationManager configured with AuthenticationProvider bean with name authenticationProvider
2026-07-21T15:23:22.985+05:30  WARN 26904 --- [main] r$InitializeUserDetailsManagerConfigurer : Global AuthenticationManager configured with an AuthenticationProvider bean. UserDetailsService beans will not be used by Spring Security for automatically configuring username/password login. Consider removing the AuthenticationProvider bean. Alternatively, consider using the UserDetailsService in a manually instantiated DaoAuthenticationProvider. If the current configuration is intentional, to turn off this warning, increase the logging level of 'org.springframework.security.config.annotation.authentication.configuration.InitializeUserDetailsBeanManagerConfigurer' to ERROR
2026-07-21T15:23:23.077+05:30  INFO 26904 --- [main] o.s.b.a.w.s.WelcomePageHandlerMapping    : Adding welcome page: class path resource [static/index.html]
2026-07-21T15:23:23.577+05:30  INFO 26904 --- [main] o.s.b.w.embedded.tomcat.TomcatWebServer  : Tomcat started on port 8082 (http) with context path '/'
2026-07-21T15:23:23.585+05:30  INFO 26904 --- [main] com.placement.portal.PortalApplication   : Started PortalApplication in 7.2 seconds (process running for 7.542)
2026-07-21T15:23:58.510+05:30  INFO 26904 --- [http-nio-8082-exec-1] o.a.c.c.C.[Tomcat].[localhost].[/]       : Initializing Spring DispatcherServlet 'dispatcherServlet'
2026-07-21T15:23:58.511+05:30  INFO 26904 --- [http-nio-8082-exec-1] o.s.web.servlet.DispatcherServlet        : Initializing Servlet 'dispatcherServlet'
2026-07-21T15:23:58.512+05:30  INFO 26904 --- [http-nio-8082-exec-1] o.s.web.servlet.DispatcherServlet        : Completed initialization in 1 ms
2026-07-21T15:23:58.577+05:30  INFO 26904 --- [http-nio-8082-exec-6] c.p.p.security.JwtAuthenticationFilter   : Incoming Request : /api/auth/login
2026-07-21T15:23:58.577+05:30  WARN 26904 --- [http-nio-8082-exec-6] c.p.p.security.JwtAuthenticationFilter   : Authorization header missing.
2026-07-21T15:24:00.006+05:30  INFO 26904 --- [http-nio-8082-exec-10] c.p.p.security.JwtAuthenticationFilter   : Incoming Request : /api/dashboard/admin
2026-07-21T15:24:00.007+05:30  INFO 26904 --- [http-nio-8082-exec-10] c.p.p.security.JwtAuthenticationFilter   : JWT received.
2026-07-21T15:24:00.009+05:30  INFO 26904 --- [http-nio-8082-exec-9] c.p.p.security.JwtAuthenticationFilter   : Incoming Request : /api/dashboard/admin/students-by-branch
2026-07-21T15:24:00.010+05:30  INFO 26904 --- [http-nio-8082-exec-9] c.p.p.security.JwtAuthenticationFilter   : JWT received.
2026-07-21T15:24:00.029+05:30  INFO 26904 --- [http-nio-8082-exec-9] c.p.p.security.JwtAuthenticationFilter   : User Email : admin1@gmail.com
2026-07-21T15:24:00.029+05:30  INFO 26904 --- [http-nio-8082-exec-10] c.p.p.security.JwtAuthenticationFilter   : User Email : admin1@gmail.com
2026-07-21T15:24:00.084+05:30  INFO 26904 --- [http-nio-8082-exec-9] c.p.p.security.JwtAuthenticationFilter   : Authorities: [ROLE_ADMIN]
2026-07-21T15:24:00.084+05:30  INFO 26904 --- [http-nio-8082-exec-10] c.p.p.security.JwtAuthenticationFilter   : Authorities: [ROLE_ADMIN]
2026-07-21T15:24:00.084+05:30  INFO 26904 --- [http-nio-8082-exec-9] c.p.p.security.JwtAuthenticationFilter   : Authentication: UsernamePasswordAuthenticationToken [Principal=org.springframework.security.core.userdetails.User [Username=admin1@gmail.com, Password=[PROTECTED], Enabled=true, AccountNonExpired=true, CredentialsNonExpired=true, AccountNonLocked=true, Granted Authorities=[ROLE_ADMIN]], Credentials=[PROTECTED], Authenticated=true, Details=WebAuthenticationDetails [RemoteIpAddress=0:0:0:0:0:0:0:1, SessionId=null], Granted Authorities=[ROLE_ADMIN]]
2026-07-21T15:24:00.084+05:30  INFO 26904 --- [http-nio-8082-exec-10] c.p.p.security.JwtAuthenticationFilter   : Authentication: UsernamePasswordAuthenticationToken [Principal=org.springframework.security.core.userdetails.User [Username=admin1@gmail.com, Password=[PROTECTED], Enabled=true, AccountNonExpired=true, CredentialsNonExpired=true, AccountNonLocked=true, Granted Authorities=[ROLE_ADMIN]], Credentials=[PROTECTED], Authenticated=true, Details=WebAuthenticationDetails [RemoteIpAddress=0:0:0:0:0:0:0:1, SessionId=null], Granted Authorities=[ROLE_ADMIN]]
2026-07-21T15:24:00.084+05:30  INFO 26904 --- [http-nio-8082-exec-9] c.p.p.security.JwtAuthenticationFilter   : Authentication successful for admin1@gmail.com
2026-07-21T15:24:00.084+05:30  INFO 26904 --- [http-nio-8082-exec-10] c.p.p.security.JwtAuthenticationFilter   : Authentication successful for admin1@gmail.com
2026-07-21T15:24:00.084+05:30  INFO 26904 --- [http-nio-8082-exec-9] c.p.p.security.JwtAuthenticationFilter   : Authorities : [ROLE_ADMIN]
2026-07-21T15:24:00.084+05:30  INFO 26904 --- [http-nio-8082-exec-10] c.p.p.security.JwtAuthenticationFilter   : Authorities : [ROLE_ADMIN]
2026-07-21T15:24:00.084+05:30  INFO 26904 --- [http-nio-8082-exec-10] c.p.p.service.impl.DashboardServiceImpl  : Fetching Admin Dashboard
2026-07-21T15:24:00.143+05:30  INFO 26904 --- [http-nio-8082-exec-2] c.p.p.security.JwtAuthenticationFilter   : Incoming Request : /api/dashboard/admin/students-by-branch
2026-07-21T15:24:00.143+05:30  INFO 26904 --- [http-nio-8082-exec-2] c.p.p.security.JwtAuthenticationFilter   : JWT received.
2026-07-21T15:24:00.146+05:30  INFO 26904 --- [http-nio-8082-exec-2] c.p.p.security.JwtAuthenticationFilter   : User Email : admin1@gmail.com
2026-07-21T15:24:00.152+05:30  INFO 26904 --- [http-nio-8082-exec-2] c.p.p.security.JwtAuthenticationFilter   : Authorities: [ROLE_ADMIN]
2026-07-21T15:24:00.152+05:30  INFO 26904 --- [http-nio-8082-exec-2] c.p.p.security.JwtAuthenticationFilter   : Authentication: UsernamePasswordAuthenticationToken [Principal=org.springframework.security.core.userdetails.User [Username=admin1@gmail.com, Password=[PROTECTED], Enabled=true, AccountNonExpired=true, CredentialsNonExpired=true, AccountNonLocked=true, Granted Authorities=[ROLE_ADMIN]], Credentials=[PROTECTED], Authenticated=true, Details=WebAuthenticationDetails [RemoteIpAddress=0:0:0:0:0:0:0:1, SessionId=null], Granted Authorities=[ROLE_ADMIN]]
2026-07-21T15:24:00.152+05:30  INFO 26904 --- [http-nio-8082-exec-2] c.p.p.security.JwtAuthenticationFilter   : Authentication successful for admin1@gmail.com
2026-07-21T15:24:00.152+05:30  INFO 26904 --- [http-nio-8082-exec-2] c.p.p.security.JwtAuthenticationFilter   : Authorities : [ROLE_ADMIN]
2026-07-21T15:24:00.230+05:30  INFO 26904 --- [http-nio-8082-exec-3] c.p.p.security.JwtAuthenticationFilter   : Incoming Request : /api/dashboard/admin
2026-07-21T15:24:00.230+05:30  INFO 26904 --- [http-nio-8082-exec-3] c.p.p.security.JwtAuthenticationFilter   : JWT received.
2026-07-21T15:24:00.232+05:30  INFO 26904 --- [http-nio-8082-exec-3] c.p.p.security.JwtAuthenticationFilter   : User Email : admin1@gmail.com
2026-07-21T15:24:00.240+05:30  INFO 26904 --- [http-nio-8082-exec-3] c.p.p.security.JwtAuthenticationFilter   : Authorities: [ROLE_ADMIN]
2026-07-21T15:24:00.240+05:30  INFO 26904 --- [http-nio-8082-exec-3] c.p.p.security.JwtAuthenticationFilter   : Authentication: UsernamePasswordAuthenticationToken [Principal=org.springframework.security.core.userdetails.User [Username=admin1@gmail.com, Password=[PROTECTED], Enabled=true, AccountNonExpired=true, CredentialsNonExpired=true, AccountNonLocked=true, Granted Authorities=[ROLE_ADMIN]], Credentials=[PROTECTED], Authenticated=true, Details=WebAuthenticationDetails [RemoteIpAddress=0:0:0:0:0:0:0:1, SessionId=null], Granted Authorities=[ROLE_ADMIN]]
2026-07-21T15:24:00.240+05:30  INFO 26904 --- [http-nio-8082-exec-3] c.p.p.security.JwtAuthenticationFilter   : Authentication successful for admin1@gmail.com
2026-07-21T15:24:00.241+05:30  INFO 26904 --- [http-nio-8082-exec-3] c.p.p.security.JwtAuthenticationFilter   : Authorities : [ROLE_ADMIN]
2026-07-21T15:24:00.242+05:30  INFO 26904 --- [http-nio-8082-exec-3] c.p.p.service.impl.DashboardServiceImpl  : Fetching Admin Dashboard
2026-07-21T15:24:00.290+05:30  INFO 26904 --- [http-nio-8082-exec-2] c.p.p.security.JwtAuthenticationFilter   : Incoming Request : /api/dashboard/recent-students
2026-07-21T15:24:00.290+05:30  INFO 26904 --- [http-nio-8082-exec-10] c.p.p.security.JwtAuthenticationFilter   : Incoming Request : /api/applications/recent
2026-07-21T15:24:00.290+05:30  INFO 26904 --- [http-nio-8082-exec-9] c.p.p.security.JwtAuthenticationFilter   : Incoming Request : /api/placement-drives/upcoming
2026-07-21T15:24:00.290+05:30  INFO 26904 --- [http-nio-8082-exec-10] c.p.p.security.JwtAuthenticationFilter   : JWT received.
2026-07-21T15:24:00.290+05:30  INFO 26904 --- [http-nio-8082-exec-2] c.p.p.security.JwtAuthenticationFilter   : JWT received.
2026-07-21T15:24:00.291+05:30  INFO 26904 --- [http-nio-8082-exec-9] c.p.p.security.JwtAuthenticationFilter   : JWT received.
2026-07-21T15:24:00.294+05:30  INFO 26904 --- [http-nio-8082-exec-10] c.p.p.security.JwtAuthenticationFilter   : User Email : admin1@gmail.com
2026-07-21T15:24:00.294+05:30  INFO 26904 --- [http-nio-8082-exec-9] c.p.p.security.JwtAuthenticationFilter   : User Email : admin1@gmail.com
2026-07-21T15:24:00.294+05:30  INFO 26904 --- [http-nio-8082-exec-2] c.p.p.security.JwtAuthenticationFilter   : User Email : admin1@gmail.com
2026-07-21T15:24:00.301+05:30  INFO 26904 --- [http-nio-8082-exec-2] c.p.p.security.JwtAuthenticationFilter   : Authorities: [ROLE_ADMIN]
2026-07-21T15:24:00.301+05:30  INFO 26904 --- [http-nio-8082-exec-9] c.p.p.security.JwtAuthenticationFilter   : Authorities: [ROLE_ADMIN]
2026-07-21T15:24:00.301+05:30  INFO 26904 --- [http-nio-8082-exec-9] c.p.p.security.JwtAuthenticationFilter   : Authentication: UsernamePasswordAuthenticationToken [Principal=org.springframework.security.core.userdetails.User [Username=admin1@gmail.com, Password=[PROTECTED], Enabled=true, AccountNonExpired=true, CredentialsNonExpired=true, AccountNonLocked=true, Granted Authorities=[ROLE_ADMIN]], Credentials=[PROTECTED], Authenticated=true, Details=WebAuthenticationDetails [RemoteIpAddress=0:0:0:0:0:0:0:1, SessionId=null], Granted Authorities=[ROLE_ADMIN]]
2026-07-21T15:24:00.301+05:30  INFO 26904 --- [http-nio-8082-exec-2] c.p.p.security.JwtAuthenticationFilter   : Authentication: UsernamePasswordAuthenticationToken [Principal=org.springframework.security.core.userdetails.User [Username=admin1@gmail.com, Password=[PROTECTED], Enabled=true, AccountNonExpired=true, CredentialsNonExpired=true, AccountNonLocked=true, Granted Authorities=[ROLE_ADMIN]], Credentials=[PROTECTED], Authenticated=true, Details=WebAuthenticationDetails [RemoteIpAddress=0:0:0:0:0:0:0:1, SessionId=null], Granted Authorities=[ROLE_ADMIN]]
2026-07-21T15:24:00.301+05:30  INFO 26904 --- [http-nio-8082-exec-9] c.p.p.security.JwtAuthenticationFilter   : Authentication successful for admin1@gmail.com
2026-07-21T15:24:00.301+05:30  INFO 26904 --- [http-nio-8082-exec-2] c.p.p.security.JwtAuthenticationFilter   : Authentication successful for admin1@gmail.com
2026-07-21T15:24:00.301+05:30  INFO 26904 --- [http-nio-8082-exec-9] c.p.p.security.JwtAuthenticationFilter   : Authorities : [ROLE_ADMIN]
2026-07-21T15:24:00.301+05:30  INFO 26904 --- [http-nio-8082-exec-2] c.p.p.security.JwtAuthenticationFilter   : Authorities : [ROLE_ADMIN]
2026-07-21T15:24:00.303+05:30  INFO 26904 --- [http-nio-8082-exec-10] c.p.p.security.JwtAuthenticationFilter   : Authorities: [ROLE_ADMIN]
2026-07-21T15:24:00.303+05:30  INFO 26904 --- [http-nio-8082-exec-9] c.p.p.s.impl.PlacementDriveServiceImpl   : Fetching upcoming placement drives.
2026-07-21T15:24:00.303+05:30  INFO 26904 --- [http-nio-8082-exec-10] c.p.p.security.JwtAuthenticationFilter   : Authentication: UsernamePasswordAuthenticationToken [Principal=org.springframework.security.core.userdetails.User [Username=admin1@gmail.com, Password=[PROTECTED], Enabled=true, AccountNonExpired=true, CredentialsNonExpired=true, AccountNonLocked=true, Granted Authorities=[ROLE_ADMIN]], Credentials=[PROTECTED], Authenticated=true, Details=WebAuthenticationDetails [RemoteIpAddress=0:0:0:0:0:0:0:1, SessionId=null], Granted Authorities=[ROLE_ADMIN]]
2026-07-21T15:24:00.305+05:30  INFO 26904 --- [http-nio-8082-exec-10] c.p.p.security.JwtAuthenticationFilter   : Authentication successful for admin1@gmail.com
2026-07-21T15:24:00.305+05:30  INFO 26904 --- [http-nio-8082-exec-10] c.p.p.security.JwtAuthenticationFilter   : Authorities : [ROLE_ADMIN]
2026-07-21T15:24:00.330+05:30  INFO 26904 --- [http-nio-8082-exec-8] c.p.p.security.JwtAuthenticationFilter   : Incoming Request : /api/placement-drives/upcoming
2026-07-21T15:24:00.330+05:30  INFO 26904 --- [http-nio-8082-exec-8] c.p.p.security.JwtAuthenticationFilter   : JWT received.
2026-07-21T15:24:00.332+05:30  INFO 26904 --- [http-nio-8082-exec-8] c.p.p.security.JwtAuthenticationFilter   : User Email : admin1@gmail.com
2026-07-21T15:24:00.341+05:30  INFO 26904 --- [http-nio-8082-exec-8] c.p.p.security.JwtAuthenticationFilter   : Authorities: [ROLE_ADMIN]
2026-07-21T15:24:00.342+05:30  INFO 26904 --- [http-nio-8082-exec-8] c.p.p.security.JwtAuthenticationFilter   : Authentication: UsernamePasswordAuthenticationToken [Principal=org.springframework.security.core.userdetails.User [Username=admin1@gmail.com, Password=[PROTECTED], Enabled=true, AccountNonExpired=true, CredentialsNonExpired=true, AccountNonLocked=true, Granted Authorities=[ROLE_ADMIN]], Credentials=[PROTECTED], Authenticated=true, Details=WebAuthenticationDetails [RemoteIpAddress=0:0:0:0:0:0:0:1, SessionId=null], Granted Authorities=[ROLE_ADMIN]]
2026-07-21T15:24:00.342+05:30  INFO 26904 --- [http-nio-8082-exec-8] c.p.p.security.JwtAuthenticationFilter   : Authentication successful for admin1@gmail.com
2026-07-21T15:24:00.342+05:30  INFO 26904 --- [http-nio-8082-exec-8] c.p.p.security.JwtAuthenticationFilter   : Authorities : [ROLE_ADMIN]
2026-07-21T15:24:00.343+05:30  INFO 26904 --- [http-nio-8082-exec-8] c.p.p.s.impl.PlacementDriveServiceImpl   : Fetching upcoming placement drives.
2026-07-21T15:24:00.349+05:30  INFO 26904 --- [http-nio-8082-exec-6] c.p.p.security.JwtAuthenticationFilter   : Incoming Request : /api/dashboard/recent-students
2026-07-21T15:24:00.350+05:30  INFO 26904 --- [http-nio-8082-exec-6] c.p.p.security.JwtAuthenticationFilter   : JWT received.
2026-07-21T15:24:00.353+05:30  INFO 26904 --- [http-nio-8082-exec-6] c.p.p.security.JwtAuthenticationFilter   : User Email : admin1@gmail.com
2026-07-21T15:24:00.354+05:30  INFO 26904 --- [http-nio-8082-exec-10] c.p.p.security.JwtAuthenticationFilter   : Incoming Request : /api/applications/recent
2026-07-21T15:24:00.355+05:30  INFO 26904 --- [http-nio-8082-exec-10] c.p.p.security.JwtAuthenticationFilter   : JWT received.
2026-07-21T15:24:00.357+05:30  INFO 26904 --- [http-nio-8082-exec-10] c.p.p.security.JwtAuthenticationFilter   : User Email : admin1@gmail.com
2026-07-21T15:24:00.361+05:30  INFO 26904 --- [http-nio-8082-exec-6] c.p.p.security.JwtAuthenticationFilter   : Authorities: [ROLE_ADMIN]
2026-07-21T15:24:00.361+05:30  INFO 26904 --- [http-nio-8082-exec-6] c.p.p.security.JwtAuthenticationFilter   : Authentication: UsernamePasswordAuthenticationToken [Principal=org.springframework.security.core.userdetails.User [Username=admin1@gmail.com, Password=[PROTECTED], Enabled=true, AccountNonExpired=true, CredentialsNonExpired=true, AccountNonLocked=true, Granted Authorities=[ROLE_ADMIN]], Credentials=[PROTECTED], Authenticated=true, Details=WebAuthenticationDetails [RemoteIpAddress=0:0:0:0:0:0:0:1, SessionId=null], Granted Authorities=[ROLE_ADMIN]]
2026-07-21T15:24:00.361+05:30  INFO 26904 --- [http-nio-8082-exec-6] c.p.p.security.JwtAuthenticationFilter   : Authentication successful for admin1@gmail.com
2026-07-21T15:24:00.361+05:30  INFO 26904 --- [http-nio-8082-exec-6] c.p.p.security.JwtAuthenticationFilter   : Authorities : [ROLE_ADMIN]
2026-07-21T15:24:00.363+05:30  INFO 26904 --- [http-nio-8082-exec-10] c.p.p.security.JwtAuthenticationFilter   : Authorities: [ROLE_ADMIN]
2026-07-21T15:24:00.363+05:30  INFO 26904 --- [http-nio-8082-exec-10] c.p.p.security.JwtAuthenticationFilter   : Authentication: UsernamePasswordAuthenticationToken [Principal=org.springframework.security.core.userdetails.User [Username=admin1@gmail.com, Password=[PROTECTED], Enabled=true, AccountNonExpired=true, CredentialsNonExpired=true, AccountNonLocked=true, Granted Authorities=[ROLE_ADMIN]], Credentials=[PROTECTED], Authenticated=true, Details=WebAuthenticationDetails [RemoteIpAddress=0:0:0:0:0:0:0:1, SessionId=null], Granted Authorities=[ROLE_ADMIN]]
2026-07-21T15:24:00.363+05:30  INFO 26904 --- [http-nio-8082-exec-10] c.p.p.security.JwtAuthenticationFilter   : Authentication successful for admin1@gmail.com
2026-07-21T15:24:00.363+05:30  INFO 26904 --- [http-nio-8082-exec-10] c.p.p.security.JwtAuthenticationFilter   : Authorities : [ROLE_ADMIN]
2026-07-21T15:24:10.476+05:30  INFO 26904 --- [http-nio-8082-exec-7] c.p.p.security.JwtAuthenticationFilter   : Incoming Request : /api/students
2026-07-21T15:24:10.477+05:30  INFO 26904 --- [http-nio-8082-exec-7] c.p.p.security.JwtAuthenticationFilter   : JWT received.
2026-07-21T15:24:10.479+05:30  INFO 26904 --- [http-nio-8082-exec-7] c.p.p.security.JwtAuthenticationFilter   : User Email : admin1@gmail.com
2026-07-21T15:24:10.487+05:30  INFO 26904 --- [http-nio-8082-exec-7] c.p.p.security.JwtAuthenticationFilter   : Authorities: [ROLE_ADMIN]
2026-07-21T15:24:10.488+05:30  INFO 26904 --- [http-nio-8082-exec-7] c.p.p.security.JwtAuthenticationFilter   : Authentication: UsernamePasswordAuthenticationToken [Principal=org.springframework.security.core.userdetails.User [Username=admin1@gmail.com, Password=[PROTECTED], Enabled=true, AccountNonExpired=true, CredentialsNonExpired=true, AccountNonLocked=true, Granted Authorities=[ROLE_ADMIN]], Credentials=[PROTECTED], Authenticated=true, Details=WebAuthenticationDetails [RemoteIpAddress=0:0:0:0:0:0:0:1, SessionId=null], Granted Authorities=[ROLE_ADMIN]]
2026-07-21T15:24:10.488+05:30  INFO 26904 --- [http-nio-8082-exec-7] c.p.p.security.JwtAuthenticationFilter   : Authentication successful for admin1@gmail.com
2026-07-21T15:24:10.488+05:30  INFO 26904 --- [http-nio-8082-exec-7] c.p.p.security.JwtAuthenticationFilter   : Authorities : [ROLE_ADMIN]
2026-07-21T15:24:10.499+05:30  INFO 26904 --- [http-nio-8082-exec-7] c.p.p.service.impl.StudentServiceImpl    : Fetching students | page=0 size=5 sortBy=studentId direction=asc
2026-07-21T15:24:10.505+05:30  INFO 26904 --- [http-nio-8082-exec-7] c.p.p.service.impl.StudentServiceImpl    : Total students fetched: 3
2026-07-21T15:24:10.524+05:30  WARN 26904 --- [http-nio-8082-exec-7] ration$PageModule$WarningLoggingModifier : Serializing PageImpl instances as-is is not supported, meaning that there is no guarantee about the stability of the resulting JSON structure!
	For a stable JSON structure, please use Spring Data's PagedModel (globally via @EnableSpringDataWebSupport(pageSerializationMode = VIA_DTO))
	or Spring HATEOAS and Spring Data's PagedResourcesAssembler as documented in https://docs.spring.io/spring-data/commons/reference/repositories/core-extensions.html#core.web.pageables.

2026-07-21T15:24:10.536+05:30  INFO 26904 --- [http-nio-8082-exec-7] c.p.p.security.JwtAuthenticationFilter   : Incoming Request : /api/students
2026-07-21T15:24:10.536+05:30  INFO 26904 --- [http-nio-8082-exec-7] c.p.p.security.JwtAuthenticationFilter   : JWT received.
2026-07-21T15:24:10.538+05:30  INFO 26904 --- [http-nio-8082-exec-7] c.p.p.security.JwtAuthenticationFilter   : User Email : admin1@gmail.com
2026-07-21T15:24:10.538+05:30  INFO 26904 --- [http-nio-8082-exec-7] c.p.p.security.JwtAuthenticationFilter   : Authorities: [ROLE_ADMIN]
2026-07-21T15:24:10.538+05:30  INFO 26904 --- [http-nio-8082-exec-7] c.p.p.security.JwtAuthenticationFilter   : Authentication: UsernamePasswordAuthenticationToken [Principal=org.springframework.security.core.userdetails.User [Username=admin1@gmail.com, Password=[PROTECTED], Enabled=true, AccountNonExpired=true, CredentialsNonExpired=true, AccountNonLocked=true, Granted Authorities=[ROLE_ADMIN]], Credentials=[PROTECTED], Authenticated=true, Details=WebAuthenticationDetails [RemoteIpAddress=0:0:0:0:0:0:0:1, SessionId=null], Granted Authorities=[ROLE_ADMIN]]
2026-07-21T15:24:10.538+05:30  INFO 26904 --- [http-nio-8082-exec-7] c.p.p.security.JwtAuthenticationFilter   : Authentication successful for admin1@gmail.com
2026-07-21T15:24:10.538+05:30  INFO 26904 --- [http-nio-8082-exec-7] c.p.p.security.JwtAuthenticationFilter   : Authorities : [ROLE_ADMIN]
2026-07-21T15:24:10.548+05:30  INFO 26904 --- [http-nio-8082-exec-7] c.p.p.service.impl.StudentServiceImpl    : Fetching students | page=0 size=5 sortBy=studentId direction=asc
2026-07-21T15:24:10.562+05:30  INFO 26904 --- [http-nio-8082-exec-7] c.p.p.service.impl.StudentServiceImpl    : Total students fetched: 3
2026-07-21T15:24:11.059+05:30  INFO 26904 --- [http-nio-8082-exec-8] c.p.p.security.JwtAuthenticationFilter   : Incoming Request : /api/companies
2026-07-21T15:24:11.060+05:30  INFO 26904 --- [http-nio-8082-exec-8] c.p.p.security.JwtAuthenticationFilter   : JWT received.
2026-07-21T15:24:11.061+05:30  INFO 26904 --- [http-nio-8082-exec-8] c.p.p.security.JwtAuthenticationFilter   : User Email : admin1@gmail.com
2026-07-21T15:24:11.069+05:30  INFO 26904 --- [http-nio-8082-exec-8] c.p.p.security.JwtAuthenticationFilter   : Authorities: [ROLE_ADMIN]
2026-07-21T15:24:11.069+05:30  INFO 26904 --- [http-nio-8082-exec-8] c.p.p.security.JwtAuthenticationFilter   : Authentication: UsernamePasswordAuthenticationToken [Principal=org.springframework.security.core.userdetails.User [Username=admin1@gmail.com, Password=[PROTECTED], Enabled=true, AccountNonExpired=true, CredentialsNonExpired=true, AccountNonLocked=true, Granted Authorities=[ROLE_ADMIN]], Credentials=[PROTECTED], Authenticated=true, Details=WebAuthenticationDetails [RemoteIpAddress=0:0:0:0:0:0:0:1, SessionId=null], Granted Authorities=[ROLE_ADMIN]]
2026-07-21T15:24:11.069+05:30  INFO 26904 --- [http-nio-8082-exec-8] c.p.p.security.JwtAuthenticationFilter   : Authentication successful for admin1@gmail.com
2026-07-21T15:24:11.069+05:30  INFO 26904 --- [http-nio-8082-exec-8] c.p.p.security.JwtAuthenticationFilter   : Authorities : [ROLE_ADMIN]
2026-07-21T15:24:11.069+05:30  INFO 26904 --- [http-nio-8082-exec-8] c.p.p.service.impl.CompanyServiceImpl    : Fetching companies | page=0 size=5 sortBy=companyName direction=asc
2026-07-21T15:24:11.075+05:30  INFO 26904 --- [http-nio-8082-exec-8] c.p.p.service.impl.CompanyServiceImpl    : Total companies found: 2
2026-07-21T15:24:11.088+05:30  INFO 26904 --- [http-nio-8082-exec-1] c.p.p.security.JwtAuthenticationFilter   : Incoming Request : /api/companies
2026-07-21T15:24:11.088+05:30  INFO 26904 --- [http-nio-8082-exec-1] c.p.p.security.JwtAuthenticationFilter   : JWT received.
2026-07-21T15:24:11.090+05:30  INFO 26904 --- [http-nio-8082-exec-1] c.p.p.security.JwtAuthenticationFilter   : User Email : admin1@gmail.com
2026-07-21T15:24:11.090+05:30  INFO 26904 --- [http-nio-8082-exec-1] c.p.p.security.JwtAuthenticationFilter   : Authorities: [ROLE_ADMIN]
2026-07-21T15:24:11.090+05:30  INFO 26904 --- [http-nio-8082-exec-1] c.p.p.security.JwtAuthenticationFilter   : Authentication: UsernamePasswordAuthenticationToken [Principal=org.springframework.security.core.userdetails.User [Username=admin1@gmail.com, Password=[PROTECTED], Enabled=true, AccountNonExpired=true, CredentialsNonExpired=true, AccountNonLocked=true, Granted Authorities=[ROLE_ADMIN]], Credentials=[PROTECTED], Authenticated=true, Details=WebAuthenticationDetails [RemoteIpAddress=0:0:0:0:0:0:0:1, SessionId=null], Granted Authorities=[ROLE_ADMIN]]
2026-07-21T15:24:11.090+05:30  INFO 26904 --- [http-nio-8082-exec-1] c.p.p.security.JwtAuthenticationFilter   : Authentication successful for admin1@gmail.com
2026-07-21T15:24:11.090+05:30  INFO 26904 --- [http-nio-8082-exec-1] c.p.p.security.JwtAuthenticationFilter   : Authorities : [ROLE_ADMIN]
2026-07-21T15:24:11.090+05:30  INFO 26904 --- [http-nio-8082-exec-1] c.p.p.service.impl.CompanyServiceImpl    : Fetching companies | page=0 size=5 sortBy=companyName direction=asc
2026-07-21T15:24:11.104+05:30  INFO 26904 --- [http-nio-8082-exec-1] c.p.p.service.impl.CompanyServiceImpl    : Total companies found: 2
2026-07-21T15:24:12.385+05:30  INFO 26904 --- [http-nio-8082-exec-4] c.p.p.security.JwtAuthenticationFilter   : Incoming Request : /api/companies
2026-07-21T15:24:12.386+05:30  INFO 26904 --- [http-nio-8082-exec-4] c.p.p.security.JwtAuthenticationFilter   : JWT received.
2026-07-21T15:24:12.388+05:30  INFO 26904 --- [http-nio-8082-exec-4] c.p.p.security.JwtAuthenticationFilter   : User Email : admin1@gmail.com
2026-07-21T15:24:12.389+05:30  INFO 26904 --- [http-nio-8082-exec-5] c.p.p.security.JwtAuthenticationFilter   : Incoming Request : /api/recruiters
2026-07-21T15:24:12.389+05:30  INFO 26904 --- [http-nio-8082-exec-5] c.p.p.security.JwtAuthenticationFilter   : JWT received.
2026-07-21T15:24:12.391+05:30  INFO 26904 --- [http-nio-8082-exec-5] c.p.p.security.JwtAuthenticationFilter   : User Email : admin1@gmail.com
2026-07-21T15:24:12.395+05:30  INFO 26904 --- [http-nio-8082-exec-4] c.p.p.security.JwtAuthenticationFilter   : Authorities: [ROLE_ADMIN]
2026-07-21T15:24:12.395+05:30  INFO 26904 --- [http-nio-8082-exec-4] c.p.p.security.JwtAuthenticationFilter   : Authentication: UsernamePasswordAuthenticationToken [Principal=org.springframework.security.core.userdetails.User [Username=admin1@gmail.com, Password=[PROTECTED], Enabled=true, AccountNonExpired=true, CredentialsNonExpired=true, AccountNonLocked=true, Granted Authorities=[ROLE_ADMIN]], Credentials=[PROTECTED], Authenticated=true, Details=WebAuthenticationDetails [RemoteIpAddress=0:0:0:0:0:0:0:1, SessionId=null], Granted Authorities=[ROLE_ADMIN]]
2026-07-21T15:24:12.395+05:30  INFO 26904 --- [http-nio-8082-exec-4] c.p.p.security.JwtAuthenticationFilter   : Authentication successful for admin1@gmail.com
2026-07-21T15:24:12.395+05:30  INFO 26904 --- [http-nio-8082-exec-4] c.p.p.security.JwtAuthenticationFilter   : Authorities : [ROLE_ADMIN]
2026-07-21T15:24:12.395+05:30  INFO 26904 --- [http-nio-8082-exec-5] c.p.p.security.JwtAuthenticationFilter   : Authorities: [ROLE_ADMIN]
2026-07-21T15:24:12.395+05:30  INFO 26904 --- [http-nio-8082-exec-5] c.p.p.security.JwtAuthenticationFilter   : Authentication: UsernamePasswordAuthenticationToken [Principal=org.springframework.security.core.userdetails.User [Username=admin1@gmail.com, Password=[PROTECTED], Enabled=true, AccountNonExpired=true, CredentialsNonExpired=true, AccountNonLocked=true, Granted Authorities=[ROLE_ADMIN]], Credentials=[PROTECTED], Authenticated=true, Details=WebAuthenticationDetails [RemoteIpAddress=0:0:0:0:0:0:0:1, SessionId=null], Granted Authorities=[ROLE_ADMIN]]
2026-07-21T15:24:12.395+05:30  INFO 26904 --- [http-nio-8082-exec-5] c.p.p.security.JwtAuthenticationFilter   : Authentication successful for admin1@gmail.com
2026-07-21T15:24:12.395+05:30  INFO 26904 --- [http-nio-8082-exec-5] c.p.p.security.JwtAuthenticationFilter   : Authorities : [ROLE_ADMIN]
2026-07-21T15:24:12.395+05:30  INFO 26904 --- [http-nio-8082-exec-4] c.p.p.service.impl.CompanyServiceImpl    : Fetching companies | page=0 size=5 sortBy=companyName direction=asc
2026-07-21T15:24:12.409+05:30  INFO 26904 --- [http-nio-8082-exec-4] c.p.p.service.impl.CompanyServiceImpl    : Total companies found: 2
2026-07-21T15:24:12.409+05:30  INFO 26904 --- [http-nio-8082-exec-3] c.p.p.security.JwtAuthenticationFilter   : Incoming Request : /api/companies
2026-07-21T15:24:12.409+05:30  INFO 26904 --- [http-nio-8082-exec-3] c.p.p.security.JwtAuthenticationFilter   : JWT received.
2026-07-21T15:24:12.415+05:30  INFO 26904 --- [http-nio-8082-exec-3] c.p.p.security.JwtAuthenticationFilter   : User Email : admin1@gmail.com
2026-07-21T15:24:12.415+05:30  INFO 26904 --- [http-nio-8082-exec-7] c.p.p.security.JwtAuthenticationFilter   : Incoming Request : /api/recruiters
2026-07-21T15:24:12.415+05:30  INFO 26904 --- [http-nio-8082-exec-7] c.p.p.security.JwtAuthenticationFilter   : JWT received.
2026-07-21T15:24:12.415+05:30  INFO 26904 --- [http-nio-8082-exec-7] c.p.p.security.JwtAuthenticationFilter   : User Email : admin1@gmail.com
2026-07-21T15:24:12.422+05:30  INFO 26904 --- [http-nio-8082-exec-3] c.p.p.security.JwtAuthenticationFilter   : Authorities: [ROLE_ADMIN]
2026-07-21T15:24:12.423+05:30  INFO 26904 --- [http-nio-8082-exec-3] c.p.p.security.JwtAuthenticationFilter   : Authentication: UsernamePasswordAuthenticationToken [Principal=org.springframework.security.core.userdetails.User [Username=admin1@gmail.com, Password=[PROTECTED], Enabled=true, AccountNonExpired=true, CredentialsNonExpired=true, AccountNonLocked=true, Granted Authorities=[ROLE_ADMIN]], Credentials=[PROTECTED], Authenticated=true, Details=WebAuthenticationDetails [RemoteIpAddress=0:0:0:0:0:0:0:1, SessionId=null], Granted Authorities=[ROLE_ADMIN]]
2026-07-21T15:24:12.423+05:30  INFO 26904 --- [http-nio-8082-exec-3] c.p.p.security.JwtAuthenticationFilter   : Authentication successful for admin1@gmail.com
2026-07-21T15:24:12.423+05:30  INFO 26904 --- [http-nio-8082-exec-3] c.p.p.security.JwtAuthenticationFilter   : Authorities : [ROLE_ADMIN]
2026-07-21T15:24:12.423+05:30  INFO 26904 --- [http-nio-8082-exec-3] c.p.p.service.impl.CompanyServiceImpl    : Fetching companies | page=0 size=5 sortBy=companyName direction=asc
2026-07-21T15:24:12.423+05:30  INFO 26904 --- [http-nio-8082-exec-7] c.p.p.security.JwtAuthenticationFilter   : Authorities: [ROLE_ADMIN]
2026-07-21T15:24:12.423+05:30  INFO 26904 --- [http-nio-8082-exec-7] c.p.p.security.JwtAuthenticationFilter   : Authentication: UsernamePasswordAuthenticationToken [Principal=org.springframework.security.core.userdetails.User [Username=admin1@gmail.com, Password=[PROTECTED], Enabled=true, AccountNonExpired=true, CredentialsNonExpired=true, AccountNonLocked=true, Granted Authorities=[ROLE_ADMIN]], Credentials=[PROTECTED], Authenticated=true, Details=WebAuthenticationDetails [RemoteIpAddress=0:0:0:0:0:0:0:1, SessionId=null], Granted Authorities=[ROLE_ADMIN]]
2026-07-21T15:24:12.423+05:30  INFO 26904 --- [http-nio-8082-exec-7] c.p.p.security.JwtAuthenticationFilter   : Authentication successful for admin1@gmail.com
2026-07-21T15:24:12.423+05:30  INFO 26904 --- [http-nio-8082-exec-7] c.p.p.security.JwtAuthenticationFilter   : Authorities : [ROLE_ADMIN]
2026-07-21T15:24:12.431+05:30  INFO 26904 --- [http-nio-8082-exec-3] c.p.p.service.impl.CompanyServiceImpl    : Total companies found: 2
2026-07-21T15:24:12.894+05:30  INFO 26904 --- [http-nio-8082-exec-8] c.p.p.security.JwtAuthenticationFilter   : Incoming Request : /api/companies
2026-07-21T15:24:12.894+05:30  INFO 26904 --- [http-nio-8082-exec-1] c.p.p.security.JwtAuthenticationFilter   : Incoming Request : /api/recruiters
2026-07-21T15:24:12.894+05:30  INFO 26904 --- [http-nio-8082-exec-8] c.p.p.security.JwtAuthenticationFilter   : JWT received.
2026-07-21T15:24:12.894+05:30  INFO 26904 --- [http-nio-8082-exec-1] c.p.p.security.JwtAuthenticationFilter   : JWT received.
2026-07-21T15:24:12.896+05:30  INFO 26904 --- [http-nio-8082-exec-10] c.p.p.security.JwtAuthenticationFilter   : Incoming Request : /api/jobs
2026-07-21T15:24:12.896+05:30  INFO 26904 --- [http-nio-8082-exec-10] c.p.p.security.JwtAuthenticationFilter   : JWT received.
2026-07-21T15:24:12.896+05:30  INFO 26904 --- [http-nio-8082-exec-1] c.p.p.security.JwtAuthenticationFilter   : User Email : admin1@gmail.com
2026-07-21T15:24:12.896+05:30  INFO 26904 --- [http-nio-8082-exec-8] c.p.p.security.JwtAuthenticationFilter   : User Email : admin1@gmail.com
2026-07-21T15:24:12.898+05:30  INFO 26904 --- [http-nio-8082-exec-10] c.p.p.security.JwtAuthenticationFilter   : User Email : admin1@gmail.com
2026-07-21T15:24:12.904+05:30  INFO 26904 --- [http-nio-8082-exec-1] c.p.p.security.JwtAuthenticationFilter   : Authorities: [ROLE_ADMIN]
2026-07-21T15:24:12.904+05:30  INFO 26904 --- [http-nio-8082-exec-10] c.p.p.security.JwtAuthenticationFilter   : Authorities: [ROLE_ADMIN]
2026-07-21T15:24:12.904+05:30  INFO 26904 --- [http-nio-8082-exec-1] c.p.p.security.JwtAuthenticationFilter   : Authentication: UsernamePasswordAuthenticationToken [Principal=org.springframework.security.core.userdetails.User [Username=admin1@gmail.com, Password=[PROTECTED], Enabled=true, AccountNonExpired=true, CredentialsNonExpired=true, AccountNonLocked=true, Granted Authorities=[ROLE_ADMIN]], Credentials=[PROTECTED], Authenticated=true, Details=WebAuthenticationDetails [RemoteIpAddress=0:0:0:0:0:0:0:1, SessionId=null], Granted Authorities=[ROLE_ADMIN]]
2026-07-21T15:24:12.904+05:30  INFO 26904 --- [http-nio-8082-exec-10] c.p.p.security.JwtAuthenticationFilter   : Authentication: UsernamePasswordAuthenticationToken [Principal=org.springframework.security.core.userdetails.User [Username=admin1@gmail.com, Password=[PROTECTED], Enabled=true, AccountNonExpired=true, CredentialsNonExpired=true, AccountNonLocked=true, Granted Authorities=[ROLE_ADMIN]], Credentials=[PROTECTED], Authenticated=true, Details=WebAuthenticationDetails [RemoteIpAddress=0:0:0:0:0:0:0:1, SessionId=null], Granted Authorities=[ROLE_ADMIN]]
2026-07-21T15:24:12.904+05:30  INFO 26904 --- [http-nio-8082-exec-1] c.p.p.security.JwtAuthenticationFilter   : Authentication successful for admin1@gmail.com
2026-07-21T15:24:12.904+05:30  INFO 26904 --- [http-nio-8082-exec-10] c.p.p.security.JwtAuthenticationFilter   : Authentication successful for admin1@gmail.com
2026-07-21T15:24:12.904+05:30  INFO 26904 --- [http-nio-8082-exec-1] c.p.p.security.JwtAuthenticationFilter   : Authorities : [ROLE_ADMIN]
2026-07-21T15:24:12.904+05:30  INFO 26904 --- [http-nio-8082-exec-10] c.p.p.security.JwtAuthenticationFilter   : Authorities : [ROLE_ADMIN]
2026-07-21T15:24:12.907+05:30  INFO 26904 --- [http-nio-8082-exec-8] c.p.p.security.JwtAuthenticationFilter   : Authorities: [ROLE_ADMIN]
2026-07-21T15:24:12.908+05:30  INFO 26904 --- [http-nio-8082-exec-8] c.p.p.security.JwtAuthenticationFilter   : Authentication: UsernamePasswordAuthenticationToken [Principal=org.springframework.security.core.userdetails.User [Username=admin1@gmail.com, Password=[PROTECTED], Enabled=true, AccountNonExpired=true, CredentialsNonExpired=true, AccountNonLocked=true, Granted Authorities=[ROLE_ADMIN]], Credentials=[PROTECTED], Authenticated=true, Details=WebAuthenticationDetails [RemoteIpAddress=0:0:0:0:0:0:0:1, SessionId=null], Granted Authorities=[ROLE_ADMIN]]
2026-07-21T15:24:12.909+05:30  INFO 26904 --- [http-nio-8082-exec-8] c.p.p.security.JwtAuthenticationFilter   : Authentication successful for admin1@gmail.com
2026-07-21T15:24:12.909+05:30  INFO 26904 --- [http-nio-8082-exec-8] c.p.p.security.JwtAuthenticationFilter   : Authorities : [ROLE_ADMIN]
2026-07-21T15:24:12.912+05:30  INFO 26904 --- [http-nio-8082-exec-8] c.p.p.service.impl.CompanyServiceImpl    : Fetching companies | page=0 size=5 sortBy=companyName direction=asc
2026-07-21T15:24:12.914+05:30  INFO 26904 --- [http-nio-8082-exec-8] c.p.p.service.impl.CompanyServiceImpl    : Total companies found: 2
2026-07-21T15:24:12.914+05:30  INFO 26904 --- [http-nio-8082-exec-4] c.p.p.security.JwtAuthenticationFilter   : Incoming Request : /api/companies
2026-07-21T15:24:12.914+05:30  INFO 26904 --- [http-nio-8082-exec-6] c.p.p.security.JwtAuthenticationFilter   : Incoming Request : /api/recruiters
2026-07-21T15:24:12.914+05:30  INFO 26904 --- [http-nio-8082-exec-4] c.p.p.security.JwtAuthenticationFilter   : JWT received.
2026-07-21T15:24:12.914+05:30  INFO 26904 --- [http-nio-8082-exec-6] c.p.p.security.JwtAuthenticationFilter   : JWT received.
2026-07-21T15:24:12.914+05:30  INFO 26904 --- [http-nio-8082-exec-4] c.p.p.security.JwtAuthenticationFilter   : User Email : admin1@gmail.com
2026-07-21T15:24:12.914+05:30  INFO 26904 --- [http-nio-8082-exec-6] c.p.p.security.JwtAuthenticationFilter   : User Email : admin1@gmail.com
2026-07-21T15:24:12.931+05:30  INFO 26904 --- [http-nio-8082-exec-4] c.p.p.security.JwtAuthenticationFilter   : Authorities: [ROLE_ADMIN]
2026-07-21T15:24:12.931+05:30  INFO 26904 --- [http-nio-8082-exec-6] c.p.p.security.JwtAuthenticationFilter   : Authorities: [ROLE_ADMIN]
2026-07-21T15:24:12.931+05:30  INFO 26904 --- [http-nio-8082-exec-4] c.p.p.security.JwtAuthenticationFilter   : Authentication: UsernamePasswordAuthenticationToken [Principal=org.springframework.security.core.userdetails.User [Username=admin1@gmail.com, Password=[PROTECTED], Enabled=true, AccountNonExpired=true, CredentialsNonExpired=true, AccountNonLocked=true, Granted Authorities=[ROLE_ADMIN]], Credentials=[PROTECTED], Authenticated=true, Details=WebAuthenticationDetails [RemoteIpAddress=0:0:0:0:0:0:0:1, SessionId=null], Granted Authorities=[ROLE_ADMIN]]
2026-07-21T15:24:12.931+05:30  INFO 26904 --- [http-nio-8082-exec-6] c.p.p.security.JwtAuthenticationFilter   : Authentication: UsernamePasswordAuthenticationToken [Principal=org.springframework.security.core.userdetails.User [Username=admin1@gmail.com, Password=[PROTECTED], Enabled=true, AccountNonExpired=true, CredentialsNonExpired=true, AccountNonLocked=true, Granted Authorities=[ROLE_ADMIN]], Credentials=[PROTECTED], Authenticated=true, Details=WebAuthenticationDetails [RemoteIpAddress=0:0:0:0:0:0:0:1, SessionId=null], Granted Authorities=[ROLE_ADMIN]]
2026-07-21T15:24:12.931+05:30  INFO 26904 --- [http-nio-8082-exec-4] c.p.p.security.JwtAuthenticationFilter   : Authentication successful for admin1@gmail.com
2026-07-21T15:24:12.931+05:30  INFO 26904 --- [http-nio-8082-exec-6] c.p.p.security.JwtAuthenticationFilter   : Authentication successful for admin1@gmail.com
2026-07-21T15:24:12.931+05:30  INFO 26904 --- [http-nio-8082-exec-4] c.p.p.security.JwtAuthenticationFilter   : Authorities : [ROLE_ADMIN]
2026-07-21T15:24:12.931+05:30  INFO 26904 --- [http-nio-8082-exec-6] c.p.p.security.JwtAuthenticationFilter   : Authorities : [ROLE_ADMIN]
2026-07-21T15:24:12.933+05:30  INFO 26904 --- [http-nio-8082-exec-4] c.p.p.service.impl.CompanyServiceImpl    : Fetching companies | page=0 size=5 sortBy=companyName direction=asc
2026-07-21T15:24:12.936+05:30  INFO 26904 --- [http-nio-8082-exec-5] c.p.p.security.JwtAuthenticationFilter   : Incoming Request : /api/jobs
2026-07-21T15:24:12.936+05:30  INFO 26904 --- [http-nio-8082-exec-5] c.p.p.security.JwtAuthenticationFilter   : JWT received.
2026-07-21T15:24:12.936+05:30  INFO 26904 --- [http-nio-8082-exec-5] c.p.p.security.JwtAuthenticationFilter   : User Email : admin1@gmail.com
2026-07-21T15:24:12.936+05:30  INFO 26904 --- [http-nio-8082-exec-4] c.p.p.service.impl.CompanyServiceImpl    : Total companies found: 2
2026-07-21T15:24:12.946+05:30  INFO 26904 --- [http-nio-8082-exec-5] c.p.p.security.JwtAuthenticationFilter   : Authorities: [ROLE_ADMIN]
2026-07-21T15:24:12.946+05:30  INFO 26904 --- [http-nio-8082-exec-5] c.p.p.security.JwtAuthenticationFilter   : Authentication: UsernamePasswordAuthenticationToken [Principal=org.springframework.security.core.userdetails.User [Username=admin1@gmail.com, Password=[PROTECTED], Enabled=true, AccountNonExpired=true, CredentialsNonExpired=true, AccountNonLocked=true, Granted Authorities=[ROLE_ADMIN]], Credentials=[PROTECTED], Authenticated=true, Details=WebAuthenticationDetails [RemoteIpAddress=0:0:0:0:0:0:0:1, SessionId=null], Granted Authorities=[ROLE_ADMIN]]
2026-07-21T15:24:12.946+05:30  INFO 26904 --- [http-nio-8082-exec-5] c.p.p.security.JwtAuthenticationFilter   : Authentication successful for admin1@gmail.com
2026-07-21T15:24:12.946+05:30  INFO 26904 --- [http-nio-8082-exec-5] c.p.p.security.JwtAuthenticationFilter   : Authorities : [ROLE_ADMIN]
2026-07-21T15:24:14.013+05:30  INFO 26904 --- [http-nio-8082-exec-2] c.p.p.security.JwtAuthenticationFilter   : Incoming Request : /api/placement-drives
2026-07-21T15:24:14.014+05:30  INFO 26904 --- [http-nio-8082-exec-2] c.p.p.security.JwtAuthenticationFilter   : JWT received.
2026-07-21T15:24:14.016+05:30  INFO 26904 --- [http-nio-8082-exec-2] c.p.p.security.JwtAuthenticationFilter   : User Email : admin1@gmail.com
2026-07-21T15:24:14.018+05:30  INFO 26904 --- [http-nio-8082-exec-2] c.p.p.security.JwtAuthenticationFilter   : Authorities: [ROLE_ADMIN]
2026-07-21T15:24:14.018+05:30  INFO 26904 --- [http-nio-8082-exec-2] c.p.p.security.JwtAuthenticationFilter   : Authentication: UsernamePasswordAuthenticationToken [Principal=org.springframework.security.core.userdetails.User [Username=admin1@gmail.com, Password=[PROTECTED], Enabled=true, AccountNonExpired=true, CredentialsNonExpired=true, AccountNonLocked=true, Granted Authorities=[ROLE_ADMIN]], Credentials=[PROTECTED], Authenticated=true, Details=WebAuthenticationDetails [RemoteIpAddress=0:0:0:0:0:0:0:1, SessionId=null], Granted Authorities=[ROLE_ADMIN]]
2026-07-21T15:24:14.018+05:30  INFO 26904 --- [http-nio-8082-exec-2] c.p.p.security.JwtAuthenticationFilter   : Authentication successful for admin1@gmail.com
2026-07-21T15:24:14.018+05:30  INFO 26904 --- [http-nio-8082-exec-2] c.p.p.security.JwtAuthenticationFilter   : Authorities : [ROLE_ADMIN]
2026-07-21T15:24:14.025+05:30  INFO 26904 --- [http-nio-8082-exec-2] c.p.p.s.impl.PlacementDriveServiceImpl   : Fetching placement drives | page=0 size=5 sortBy=id direction=asc
2026-07-21T15:24:14.033+05:30  INFO 26904 --- [http-nio-8082-exec-2] c.p.p.s.impl.PlacementDriveServiceImpl   : Total placement drives found: 4
2026-07-21T15:24:14.039+05:30  INFO 26904 --- [http-nio-8082-exec-9] c.p.p.security.JwtAuthenticationFilter   : Incoming Request : /api/placement-drives
2026-07-21T15:24:14.039+05:30  INFO 26904 --- [http-nio-8082-exec-9] c.p.p.security.JwtAuthenticationFilter   : JWT received.
2026-07-21T15:24:14.045+05:30  INFO 26904 --- [http-nio-8082-exec-9] c.p.p.security.JwtAuthenticationFilter   : User Email : admin1@gmail.com
2026-07-21T15:24:14.046+05:30  INFO 26904 --- [http-nio-8082-exec-9] c.p.p.security.JwtAuthenticationFilter   : Authorities: [ROLE_ADMIN]
2026-07-21T15:24:14.046+05:30  INFO 26904 --- [http-nio-8082-exec-9] c.p.p.security.JwtAuthenticationFilter   : Authentication: UsernamePasswordAuthenticationToken [Principal=org.springframework.security.core.userdetails.User [Username=admin1@gmail.com, Password=[PROTECTED], Enabled=true, AccountNonExpired=true, CredentialsNonExpired=true, AccountNonLocked=true, Granted Authorities=[ROLE_ADMIN]], Credentials=[PROTECTED], Authenticated=true, Details=WebAuthenticationDetails [RemoteIpAddress=0:0:0:0:0:0:0:1, SessionId=null], Granted Authorities=[ROLE_ADMIN]]
2026-07-21T15:24:14.046+05:30  INFO 26904 --- [http-nio-8082-exec-9] c.p.p.security.JwtAuthenticationFilter   : Authentication successful for admin1@gmail.com
2026-07-21T15:24:14.046+05:30  INFO 26904 --- [http-nio-8082-exec-9] c.p.p.security.JwtAuthenticationFilter   : Authorities : [ROLE_ADMIN]
2026-07-21T15:24:14.053+05:30  INFO 26904 --- [http-nio-8082-exec-9] c.p.p.s.impl.PlacementDriveServiceImpl   : Fetching placement drives | page=0 size=5 sortBy=id direction=asc
2026-07-21T15:24:14.068+05:30  INFO 26904 --- [http-nio-8082-exec-9] c.p.p.s.impl.PlacementDriveServiceImpl   : Total placement drives found: 4
2026-07-21T15:24:14.430+05:30  INFO 26904 --- [http-nio-8082-exec-10] c.p.p.security.JwtAuthenticationFilter   : Incoming Request : /api/applications
2026-07-21T15:24:14.430+05:30  INFO 26904 --- [http-nio-8082-exec-10] c.p.p.security.JwtAuthenticationFilter   : JWT received.
2026-07-21T15:24:14.432+05:30  INFO 26904 --- [http-nio-8082-exec-10] c.p.p.security.JwtAuthenticationFilter   : User Email : admin1@gmail.com
2026-07-21T15:24:14.436+05:30  INFO 26904 --- [http-nio-8082-exec-10] c.p.p.security.JwtAuthenticationFilter   : Authorities: [ROLE_ADMIN]
2026-07-21T15:24:14.436+05:30  INFO 26904 --- [http-nio-8082-exec-10] c.p.p.security.JwtAuthenticationFilter   : Authentication: UsernamePasswordAuthenticationToken [Principal=org.springframework.security.core.userdetails.User [Username=admin1@gmail.com, Password=[PROTECTED], Enabled=true, AccountNonExpired=true, CredentialsNonExpired=true, AccountNonLocked=true, Granted Authorities=[ROLE_ADMIN]], Credentials=[PROTECTED], Authenticated=true, Details=WebAuthenticationDetails [RemoteIpAddress=0:0:0:0:0:0:0:1, SessionId=null], Granted Authorities=[ROLE_ADMIN]]
2026-07-21T15:24:14.436+05:30  INFO 26904 --- [http-nio-8082-exec-10] c.p.p.security.JwtAuthenticationFilter   : Authentication successful for admin1@gmail.com
2026-07-21T15:24:14.436+05:30  INFO 26904 --- [http-nio-8082-exec-10] c.p.p.security.JwtAuthenticationFilter   : Authorities : [ROLE_ADMIN]
2026-07-21T15:24:14.470+05:30  INFO 26904 --- [http-nio-8082-exec-4] c.p.p.security.JwtAuthenticationFilter   : Incoming Request : /api/applications
2026-07-21T15:24:14.470+05:30  INFO 26904 --- [http-nio-8082-exec-4] c.p.p.security.JwtAuthenticationFilter   : JWT received.
2026-07-21T15:24:14.473+05:30  INFO 26904 --- [http-nio-8082-exec-4] c.p.p.security.JwtAuthenticationFilter   : User Email : admin1@gmail.com
2026-07-21T15:24:14.479+05:30  INFO 26904 --- [http-nio-8082-exec-4] c.p.p.security.JwtAuthenticationFilter   : Authorities: [ROLE_ADMIN]
2026-07-21T15:24:14.479+05:30  INFO 26904 --- [http-nio-8082-exec-4] c.p.p.security.JwtAuthenticationFilter   : Authentication: UsernamePasswordAuthenticationToken [Principal=org.springframework.security.core.userdetails.User [Username=admin1@gmail.com, Password=[PROTECTED], Enabled=true, AccountNonExpired=true, CredentialsNonExpired=true, AccountNonLocked=true, Granted Authorities=[ROLE_ADMIN]], Credentials=[PROTECTED], Authenticated=true, Details=WebAuthenticationDetails [RemoteIpAddress=0:0:0:0:0:0:0:1, SessionId=null], Granted Authorities=[ROLE_ADMIN]]
2026-07-21T15:24:14.479+05:30  INFO 26904 --- [http-nio-8082-exec-4] c.p.p.security.JwtAuthenticationFilter   : Authentication successful for admin1@gmail.com
2026-07-21T15:24:14.479+05:30  INFO 26904 --- [http-nio-8082-exec-4] c.p.p.security.JwtAuthenticationFilter   : Authorities : [ROLE_ADMIN]
2026-07-21T15:24:14.923+05:30  INFO 26904 --- [http-nio-8082-exec-3] c.p.p.security.JwtAuthenticationFilter   : Incoming Request : /api/interviews
2026-07-21T15:24:14.923+05:30  INFO 26904 --- [http-nio-8082-exec-3] c.p.p.security.JwtAuthenticationFilter   : JWT received.
2026-07-21T15:24:14.925+05:30  INFO 26904 --- [http-nio-8082-exec-3] c.p.p.security.JwtAuthenticationFilter   : User Email : admin1@gmail.com
2026-07-21T15:24:14.933+05:30  INFO 26904 --- [http-nio-8082-exec-3] c.p.p.security.JwtAuthenticationFilter   : Authorities: [ROLE_ADMIN]
2026-07-21T15:24:14.933+05:30  INFO 26904 --- [http-nio-8082-exec-3] c.p.p.security.JwtAuthenticationFilter   : Authentication: UsernamePasswordAuthenticationToken [Principal=org.springframework.security.core.userdetails.User [Username=admin1@gmail.com, Password=[PROTECTED], Enabled=true, AccountNonExpired=true, CredentialsNonExpired=true, AccountNonLocked=true, Granted Authorities=[ROLE_ADMIN]], Credentials=[PROTECTED], Authenticated=true, Details=WebAuthenticationDetails [RemoteIpAddress=0:0:0:0:0:0:0:1, SessionId=null], Granted Authorities=[ROLE_ADMIN]]
2026-07-21T15:24:14.933+05:30  INFO 26904 --- [http-nio-8082-exec-3] c.p.p.security.JwtAuthenticationFilter   : Authentication successful for admin1@gmail.com
2026-07-21T15:24:14.933+05:30  INFO 26904 --- [http-nio-8082-exec-3] c.p.p.security.JwtAuthenticationFilter   : Authorities : [ROLE_ADMIN]
2026-07-21T15:24:14.955+05:30  INFO 26904 --- [http-nio-8082-exec-7] c.p.p.security.JwtAuthenticationFilter   : Incoming Request : /api/interviews
2026-07-21T15:24:14.955+05:30  INFO 26904 --- [http-nio-8082-exec-7] c.p.p.security.JwtAuthenticationFilter   : JWT received.
2026-07-21T15:24:14.955+05:30  INFO 26904 --- [http-nio-8082-exec-7] c.p.p.security.JwtAuthenticationFilter   : User Email : admin1@gmail.com
2026-07-21T15:24:14.963+05:30  INFO 26904 --- [http-nio-8082-exec-7] c.p.p.security.JwtAuthenticationFilter   : Authorities: [ROLE_ADMIN]
2026-07-21T15:24:14.963+05:30  INFO 26904 --- [http-nio-8082-exec-7] c.p.p.security.JwtAuthenticationFilter   : Authentication: UsernamePasswordAuthenticationToken [Principal=org.springframework.security.core.userdetails.User [Username=admin1@gmail.com, Password=[PROTECTED], Enabled=true, AccountNonExpired=true, CredentialsNonExpired=true, AccountNonLocked=true, Granted Authorities=[ROLE_ADMIN]], Credentials=[PROTECTED], Authenticated=true, Details=WebAuthenticationDetails [RemoteIpAddress=0:0:0:0:0:0:0:1, SessionId=null], Granted Authorities=[ROLE_ADMIN]]
2026-07-21T15:24:14.963+05:30  INFO 26904 --- [http-nio-8082-exec-7] c.p.p.security.JwtAuthenticationFilter   : Authentication successful for admin1@gmail.com
2026-07-21T15:24:14.963+05:30  INFO 26904 --- [http-nio-8082-exec-7] c.p.p.security.JwtAuthenticationFilter   : Authorities : [ROLE_ADMIN]
